<?xml version="1.0" encoding="UTF-8"?>
<testng-results skipped="0" failed="0" ignored="0" total="1" passed="1">
  <reporter-output>
    <line>
      <![CDATA[Ebay Search Test is Successfull...]]>
    </line>
  </reporter-output>
  <suite name="Suite" duration-ms="33462" started-at="2020-07-01T12:07:36 IST" finished-at="2020-07-01T12:08:10 IST">
    <groups>
    </groups>
    <test name="Test" duration-ms="33462" started-at="2020-07-01T12:07:36 IST" finished-at="2020-07-01T12:08:10 IST">
      <class name="myDemos.MyTest1">
        <test-method status="PASS" signature="Search()[pri:0, instance:myDemos.MyTest1@10bdf5e5]" name="Search" duration-ms="33329" started-at="2020-07-01T12:07:37 IST" finished-at="2020-07-01T12:08:10 IST">
          <reporter-output>
            <line>
              <![CDATA[Ebay Search Test is Successfull...]]>
            </line>
          </reporter-output>
        </test-method> <!-- Search -->
      </class> <!-- myDemos.MyTest1 -->
    </test> <!-- Test -->
  </suite> <!-- Suite -->
</testng-results>
