<?xml version="1.0" encoding="UTF-8"?>
<testng-results skipped="0" failed="0" ignored="0" total="1" passed="1">
  <reporter-output>
    <line>
      <![CDATA[Ebay Search Test is Successfull...]]>
    </line>
  </reporter-output>
  <suite name="Default suite" duration-ms="71200" started-at="2020-07-01T18:50:01 IST" finished-at="2020-07-01T18:51:12 IST">
    <groups>
    </groups>
    <test name="Default test" duration-ms="71200" started-at="2020-07-01T18:50:01 IST" finished-at="2020-07-01T18:51:12 IST">
      <class name="myDemos.MyTest1">
        <test-method status="PASS" signature="Search()[pri:0, instance:myDemos.MyTest1@1d29cf23]" name="Search" duration-ms="70969" started-at="2020-07-01T18:50:01 IST" finished-at="2020-07-01T18:51:12 IST">
          <reporter-output>
            <line>
              <![CDATA[Ebay Search Test is Successfull...]]>
            </line>
          </reporter-output>
        </test-method> <!-- Search -->
      </class> <!-- myDemos.MyTest1 -->
    </test> <!-- Default test -->
  </suite> <!-- Default suite -->
</testng-results>
